2025-04-28 08:32:16.977 [WRN] (Microsoft.AspNetCore.Hosting.Diagnostics) Overriding HTTP_PORTS '8080' and HTTPS_PORTS ''. Binding to values defined by URLS instead 'http://0.0.0.0:80'.
2025-04-28 08:32:17.048 [INF] (Microsoft.Hosting.Lifetime) Now listening on: http://0.0.0.0:80
2025-04-28 08:32:17.049 [INF] (Microsoft.Hosting.Lifetime) Application started. Press Ctrl+C to shut down.
2025-04-28 08:32:17.050 [INF] (Microsoft.Hosting.Lifetime) Hosting environment: Development
2025-04-28 08:32:17.050 [INF] (Microsoft.Hosting.Lifetime) Content root path: /NET8_container/RestApiPractice
2025-04-28 08:32:30.251 [INF] (Microsoft.Hosting.Lifetime) Application is shutting down...
2025-04-28 08:34:54.757 [WRN] (Microsoft.AspNetCore.Hosting.Diagnostics) Overriding HTTP_PORTS '8080' and HTTPS_PORTS ''. Binding to values defined by URLS instead 'http://0.0.0.0:80'.
2025-04-28 08:34:54.852 [INF] (Microsoft.Hosting.Lifetime) Now listening on: http://0.0.0.0:80
2025-04-28 08:34:54.853 [INF] (Microsoft.Hosting.Lifetime) Application started. Press Ctrl+C to shut down.
2025-04-28 08:34:54.853 [INF] (Microsoft.Hosting.Lifetime) Hosting environment: Development
2025-04-28 08:34:54.854 [INF] (Microsoft.Hosting.Lifetime) Content root path: /NET8_container/RestApiPractice
2025-04-28 08:35:15.229 [INF] (Microsoft.AspNetCore.Hosting.Diagnostics) Request starting HTTP/1.1 GET http://localhost/api/products - null null
2025-04-28 08:35:15.245 [WRN] (Microsoft.AspNetCore.HttpsPolicy.HttpsRedirectionMiddleware) Failed to determine the https port for redirect.
2025-04-28 08:35:15.248 [INF] (Microsoft.AspNetCore.Routing.EndpointMiddleware) Executing endpoint 'RestApiPractice.Controllers.ProductsController.GetAllProducts (RestApiPractice)'
2025-04-28 08:35:15.260 [INF] (Microsoft.AspNetCore.Mvc.Infrastructure.ControllerActionInvoker) Route matched with {action = "GetAllProducts", controller = "Products"}. Executing controller action with signature System.Threading.Tasks.Task`1[Microsoft.AspNetCore.Mvc.IActionResult] GetAllProducts() on controller RestApiPractice.Controllers.ProductsController (RestApiPractice).
2025-04-28 08:35:15.265 [INF] (Microsoft.AspNetCore.Mvc.Infrastructure.ObjectResultExecutor) Executing OkObjectResult, writing value of type 'System.Collections.Generic.List`1[[RestApiPractice.Models.ProductModel, RestApiPractice, Version=1.0.0.0, Culture=neutral, PublicKeyToken=null]]'.
2025-04-28 08:35:15.299 [INF] (Microsoft.AspNetCore.Mvc.Infrastructure.ControllerActionInvoker) Executed action RestApiPractice.Controllers.ProductsController.GetAllProducts (RestApiPractice) in 36.0195ms
2025-04-28 08:35:15.300 [INF] (Microsoft.AspNetCore.Routing.EndpointMiddleware) Executed endpoint 'RestApiPractice.Controllers.ProductsController.GetAllProducts (RestApiPractice)'
2025-04-28 08:35:15.302 [INF] (Microsoft.AspNetCore.Hosting.Diagnostics) Request finished HTTP/1.1 GET http://localhost/api/products - 200 null application/json; charset=utf-8 73.8115ms
2025-04-28 08:35:23.516 [INF] (Microsoft.AspNetCore.Hosting.Diagnostics) Request starting HTTP/1.1 GET http://localhost/api/products/test-connection - null null
2025-04-28 08:35:23.517 [INF] (Microsoft.AspNetCore.Routing.EndpointMiddleware) Executing endpoint 'RestApiPractice.Controllers.ProductsController.TestConnection (RestApiPractice)'
2025-04-28 08:35:23.529 [INF] (Microsoft.AspNetCore.Mvc.Infrastructure.ControllerActionInvoker) Route matched with {action = "TestConnection", controller = "Products"}. Executing controller action with signature Microsoft.AspNetCore.Mvc.IActionResult TestConnection() on controller RestApiPractice.Controllers.ProductsController (RestApiPractice).
2025-04-28 08:35:23.897 [INF] (Microsoft.AspNetCore.Mvc.Infrastructure.ObjectResultExecutor) Executing OkObjectResult, writing value of type 'System.String'.
2025-04-28 08:35:23.898 [INF] (Microsoft.AspNetCore.Mvc.Infrastructure.ControllerActionInvoker) Executed action RestApiPractice.Controllers.ProductsController.TestConnection (RestApiPractice) in 368.0997ms
2025-04-28 08:35:23.898 [INF] (Microsoft.AspNetCore.Routing.EndpointMiddleware) Executed endpoint 'RestApiPractice.Controllers.ProductsController.TestConnection (RestApiPractice)'
2025-04-28 08:35:23.899 [INF] (Microsoft.AspNetCore.Hosting.Diagnostics) Request finished HTTP/1.1 GET http://localhost/api/products/test-connection - 200 null text/plain; charset=utf-8 383.4909ms
2025-04-28 08:37:14.759 [INF] (Microsoft.Hosting.Lifetime) Application is shutting down...
2025-04-28 08:38:09.426 [WRN] (Microsoft.AspNetCore.Hosting.Diagnostics) Overriding HTTP_PORTS '8080' and HTTPS_PORTS ''. Binding to values defined by URLS instead 'http://0.0.0.0:80'.
2025-04-28 08:38:09.504 [INF] (Microsoft.Hosting.Lifetime) Now listening on: http://0.0.0.0:80
2025-04-28 08:38:09.506 [INF] (Microsoft.Hosting.Lifetime) Application started. Press Ctrl+C to shut down.
2025-04-28 08:38:09.506 [INF] (Microsoft.Hosting.Lifetime) Hosting environment: Development
2025-04-28 08:38:09.507 [INF] (Microsoft.Hosting.Lifetime) Content root path: /NET8_container/RestApiPractice
2025-04-28 08:38:45.082 [INF] (Microsoft.Hosting.Lifetime) Application is shutting down...
2025-04-28 08:38:56.666 [WRN] (Microsoft.AspNetCore.Hosting.Diagnostics) Overriding HTTP_PORTS '8080' and HTTPS_PORTS ''. Binding to values defined by URLS instead 'http://0.0.0.0:80'.
2025-04-28 08:38:56.721 [INF] (Microsoft.Hosting.Lifetime) Now listening on: http://0.0.0.0:80
2025-04-28 08:38:56.722 [INF] (Microsoft.Hosting.Lifetime) Application started. Press Ctrl+C to shut down.
2025-04-28 08:38:56.723 [INF] (Microsoft.Hosting.Lifetime) Hosting environment: Development
2025-04-28 08:38:56.723 [INF] (Microsoft.Hosting.Lifetime) Content root path: /NET8_container/RestApiPractice
2025-04-28 08:38:59.822 [INF] (Microsoft.AspNetCore.Hosting.Diagnostics) Request starting HTTP/1.1 GET http://localhost/api/products/test-connection - null null
2025-04-28 08:38:59.840 [WRN] (Microsoft.AspNetCore.HttpsPolicy.HttpsRedirectionMiddleware) Failed to determine the https port for redirect.
2025-04-28 08:38:59.842 [INF] (Microsoft.AspNetCore.Routing.EndpointMiddleware) Executing endpoint 'RestApiPractice.Controllers.ProductsController.TestConnection (RestApiPractice)'
2025-04-28 08:38:59.852 [INF] (Microsoft.AspNetCore.Mvc.Infrastructure.ControllerActionInvoker) Route matched with {action = "TestConnection", controller = "Products"}. Executing controller action with signature Microsoft.AspNetCore.Mvc.IActionResult TestConnection() on controller RestApiPractice.Controllers.ProductsController (RestApiPractice).
2025-04-28 08:39:00.213 [INF] (Microsoft.AspNetCore.Mvc.Infrastructure.ObjectResultExecutor) Executing OkObjectResult, writing value of type 'System.String'.
2025-04-28 08:39:00.217 [INF] (Microsoft.AspNetCore.Mvc.Infrastructure.ControllerActionInvoker) Executed action RestApiPractice.Controllers.ProductsController.TestConnection (RestApiPractice) in 363.0484ms
2025-04-28 08:39:00.219 [INF] (Microsoft.AspNetCore.Routing.EndpointMiddleware) Executed endpoint 'RestApiPractice.Controllers.ProductsController.TestConnection (RestApiPractice)'
2025-04-28 08:39:00.221 [INF] (Microsoft.AspNetCore.Hosting.Diagnostics) Request finished HTTP/1.1 GET http://localhost/api/products/test-connection - 200 null text/plain; charset=utf-8 399.6299ms
