2025-04-28 06:05:29.580 [WRN] (Microsoft.AspNetCore.Hosting.Diagnostics) Overriding HTTP_PORTS '8080' and HTTPS_PORTS ''. Binding to values defined by URLS instead 'http://0.0.0.0:80'.
2025-04-28 06:05:29.647 [INF] (Microsoft.Hosting.Lifetime) Now listening on: http://0.0.0.0:80
2025-04-28 06:05:29.648 [INF] (Microsoft.Hosting.Lifetime) Application started. Press Ctrl+C to shut down.
2025-04-28 06:05:29.648 [INF] (Microsoft.Hosting.Lifetime) Hosting environment: Development
2025-04-28 06:05:29.649 [INF] (Microsoft.Hosting.Lifetime) Content root path: /NET8_container/RestApiPractice
2025-04-28 06:07:04.574 [INF] (Microsoft.AspNetCore.Hosting.Diagnostics) Request starting HTTP/1.1 GET http://localhost/ - null null
2025-04-28 06:07:04.590 [WRN] (Microsoft.AspNetCore.HttpsPolicy.HttpsRedirectionMiddleware) Failed to determine the https port for redirect.
2025-04-28 06:07:04.597 [INF] (Microsoft.AspNetCore.Hosting.Diagnostics) Request finished HTTP/1.1 GET http://localhost/ - 404 0 null 23.8825ms
2025-04-28 06:07:04.600 [INF] (Microsoft.AspNetCore.Hosting.Diagnostics) Request reached the end of the middleware pipeline without being handled by application code. Request path: GET http://localhost/, Response status code: 404
2025-04-28 06:07:33.619 [INF] (Microsoft.AspNetCore.Hosting.Diagnostics) Request starting HTTP/1.1 GET http://localhost/api/products - null null
2025-04-28 06:07:33.622 [INF] (Microsoft.AspNetCore.Routing.EndpointMiddleware) Executing endpoint 'RestApiPractice.Controllers.ProductsController.GetAllProducts (RestApiPractice)'
2025-04-28 06:07:33.641 [INF] (Microsoft.AspNetCore.Mvc.Infrastructure.ControllerActionInvoker) Route matched with {action = "GetAllProducts", controller = "Products"}. Executing controller action with signature System.Threading.Tasks.Task`1[Microsoft.AspNetCore.Mvc.IActionResult] GetAllProducts() on controller RestApiPractice.Controllers.ProductsController (RestApiPractice).
2025-04-28 06:07:33.646 [INF] (Microsoft.AspNetCore.Mvc.Infrastructure.ObjectResultExecutor) Executing OkObjectResult, writing value of type 'System.Collections.Generic.List`1[[RestApiPractice.Models.ProductModel, RestApiPractice, Version=1.0.0.0, Culture=neutral, PublicKeyToken=null]]'.
2025-04-28 06:07:33.694 [INF] (Microsoft.AspNetCore.Mvc.Infrastructure.ControllerActionInvoker) Executed action RestApiPractice.Controllers.ProductsController.GetAllProducts (RestApiPractice) in 50.6256ms
2025-04-28 06:07:33.695 [INF] (Microsoft.AspNetCore.Routing.EndpointMiddleware) Executed endpoint 'RestApiPractice.Controllers.ProductsController.GetAllProducts (RestApiPractice)'
2025-04-28 06:07:33.695 [INF] (Microsoft.AspNetCore.Hosting.Diagnostics) Request finished HTTP/1.1 GET http://localhost/api/products - 200 null application/json; charset=utf-8 76.6224ms
2025-04-28 06:14:20.466 [INF] (Microsoft.AspNetCore.Hosting.Diagnostics) Request starting HTTP/1.1 GET http://localhost/api/products/2 - null null
2025-04-28 06:14:20.469 [INF] (Microsoft.AspNetCore.Routing.EndpointMiddleware) Executing endpoint 'RestApiPractice.Controllers.ProductsController.GetProductById (RestApiPractice)'
2025-04-28 06:14:20.483 [INF] (Microsoft.AspNetCore.Mvc.Infrastructure.ControllerActionInvoker) Route matched with {action = "GetProductById", controller = "Products"}. Executing controller action with signature System.Threading.Tasks.Task`1[Microsoft.AspNetCore.Mvc.IActionResult] GetProductById(Int32) on controller RestApiPractice.Controllers.ProductsController (RestApiPractice).
2025-04-28 06:14:20.494 [INF] (Microsoft.AspNetCore.Mvc.Infrastructure.ObjectResultExecutor) Executing OkObjectResult, writing value of type 'RestApiPractice.Models.ProductModel'.
2025-04-28 06:14:20.496 [INF] (Microsoft.AspNetCore.Mvc.Infrastructure.ControllerActionInvoker) Executed action RestApiPractice.Controllers.ProductsController.GetProductById (RestApiPractice) in 11.6066ms
2025-04-28 06:14:20.496 [INF] (Microsoft.AspNetCore.Routing.EndpointMiddleware) Executed endpoint 'RestApiPractice.Controllers.ProductsController.GetProductById (RestApiPractice)'
2025-04-28 06:14:20.497 [INF] (Microsoft.AspNetCore.Hosting.Diagnostics) Request finished HTTP/1.1 GET http://localhost/api/products/2 - 200 null application/json; charset=utf-8 30.2687ms
2025-04-28 06:56:58.728 [INF] (Microsoft.AspNetCore.Hosting.Diagnostics) Request starting HTTP/1.1 GET http://localhost/api/products/2 - null null
2025-04-28 06:56:58.729 [INF] (Microsoft.AspNetCore.Routing.EndpointMiddleware) Executing endpoint 'RestApiPractice.Controllers.ProductsController.GetProductById (RestApiPractice)'
2025-04-28 06:56:58.730 [INF] (Microsoft.AspNetCore.Mvc.Infrastructure.ControllerActionInvoker) Route matched with {action = "GetProductById", controller = "Products"}. Executing controller action with signature System.Threading.Tasks.Task`1[Microsoft.AspNetCore.Mvc.IActionResult] GetProductById(Int32) on controller RestApiPractice.Controllers.ProductsController (RestApiPractice).
2025-04-28 06:56:58.731 [INF] (Microsoft.AspNetCore.Mvc.Infrastructure.ObjectResultExecutor) Executing OkObjectResult, writing value of type 'RestApiPractice.Models.ProductModel'.
2025-04-28 06:56:58.732 [INF] (Microsoft.AspNetCore.Mvc.Infrastructure.ControllerActionInvoker) Executed action RestApiPractice.Controllers.ProductsController.GetProductById (RestApiPractice) in 1.701ms
2025-04-28 06:56:58.732 [INF] (Microsoft.AspNetCore.Routing.EndpointMiddleware) Executed endpoint 'RestApiPractice.Controllers.ProductsController.GetProductById (RestApiPractice)'
2025-04-28 06:56:58.732 [INF] (Microsoft.AspNetCore.Hosting.Diagnostics) Request finished HTTP/1.1 GET http://localhost/api/products/2 - 200 null application/json; charset=utf-8 4.0592ms
